{
  "RSpec": {
    "coverage": {
      "/Users/Nebs/ga_wdi/projects/diner_stats/app/helpers/application_helper.rb": [
        1,
        null,
        null
      ],
      "/Users/Nebs/ga_wdi/projects/diner_stats/app/helpers/meal_memberships_helper.rb": [
        1,
        null
      ],
      "/Users/Nebs/ga_wdi/projects/diner_stats/app/helpers/meals_helper.rb": [
        1,
        null
      ],
      "/Users/Nebs/ga_wdi/projects/diner_stats/app/helpers/menu_items_helper.rb": [
        1,
        null
      ],
      "/Users/Nebs/ga_wdi/projects/diner_stats/app/helpers/menus_helper.rb": [
        1,
        null
      ],
      "/Users/Nebs/ga_wdi/projects/diner_stats/app/helpers/restaurant_helper.rb": [
        1,
        null
      ],
      "/Users/Nebs/ga_wdi/projects/diner_stats/app/helpers/sections_helper.rb": [
        1,
        null
      ],
      "/Users/Nebs/ga_wdi/projects/diner_stats/app/helpers/tables_helper.rb": [
        1,
        null
      ],
      "/Users/Nebs/ga_wdi/projects/diner_stats/app/controllers/application_controller.rb": [
        1,
        null,
        null,
        null,
        null,
        1,
        2,
        4,
        1,
        null,
        null,
        1,
        7,
        24,
        null,
        null,
        1,
        1,
        1,
        null,
        null,
        1,
        2,
        4,
        null,
        null,
        1,
        1,
        1,
        null,
        null,
        1,
        1,
        null,
        1,
        null,
        null,
        null,
        1,
        4,
        1,
        1,
        1,
        null,
        null,
        null,
        1,
        0,
        0,
        0,
        null,
        null,
        1,
        0,
        0,
        0,
        0,
        null,
        null,
        null,
        1,
        12,
        8,
        null,
        null,
        1,
        1,
        2,
        2,
        2,
        null,
        null,
        null,
        1,
        3,
        2,
        null,
        null,
        3,
        3,
        1,
        null,
        null,
        null,
        1,
        1,
        0,
        0,
        0,
        null,
        1,
        null,
        null,
        null,
        null
      ],
      "/Users/Nebs/ga_wdi/projects/diner_stats/app/controllers/meal_memberships_controller.rb": [
        1,
        1,
        0,
        0,
        0,
        0,
        null,
        null,
        1,
        1,
        0,
        null,
        null
      ],
      "/Users/Nebs/ga_wdi/projects/diner_stats/app/controllers/meals_controller.rb": [
        1,
        1,
        0,
        null,
        null,
        1,
        0,
        0,
        0,
        0,
        null,
        null,
        1,
        1,
        1,
        null,
        1,
        1,
        1,
        1,
        1,
        1,
        1,
        1,
        null,
        1,
        1,
        1,
        0,
        null,
        null,
        null,
        null,
        1,
        1,
        0,
        null,
        null
      ],
      "/Users/Nebs/ga_wdi/projects/diner_stats/app/controllers/menu_items_controller.rb": [
        1,
        1,
        0,
        0,
        null,
        null,
        1,
        0,
        0,
        0,
        null,
        null,
        1,
        0,
        0,
        0,
        0,
        0,
        0,
        0,
        null,
        null,
        1,
        1,
        0,
        null,
        null
      ],
      "/Users/Nebs/ga_wdi/projects/diner_stats/app/controllers/menus_controller.rb": [
        1,
        null,
        1,
        0,
        0,
        null,
        null,
        1,
        2,
        2,
        null,
        null,
        1,
        1,
        0,
        null,
        null,
        null
      ],
      "/Users/Nebs/ga_wdi/projects/diner_stats/app/controllers/restaurants_controller.rb": [
        1,
        1,
        5,
        5,
        null,
        null,
        1,
        1,
        null,
        null
      ],
      "/Users/Nebs/ga_wdi/projects/diner_stats/app/controllers/sections_controller.rb": [
        1,
        1,
        0,
        0,
        null,
        null,
        1,
        0,
        0,
        0,
        null,
        null,
        1,
        1,
        1,
        null,
        null,
        1,
        0,
        0,
        0,
        0,
        null,
        null,
        null
      ],
      "/Users/Nebs/ga_wdi/projects/diner_stats/app/controllers/tables_controller.rb": [
        1,
        1,
        0,
        null,
        null,
        1,
        0,
        0,
        null,
        null,
        1,
        0,
        0,
        0,
        0,
        0,
        0,
        0,
        null,
        null,
        null,
        null,
        1,
        0,
        0,
        0,
        0,
        0,
        0,
        null,
        null,
        1,
        0,
        0,
        0,
        null,
        null,
        1,
        0,
        0,
        0,
        null,
        null,
        1,
        1,
        0,
        null,
        null
      ],
      "/Users/Nebs/ga_wdi/projects/diner_stats/app/models/meal_membership.rb": [
        1,
        1,
        1,
        null
      ],
      "/Users/Nebs/ga_wdi/projects/diner_stats/app/models/meal.rb": [
        1,
        1,
        1,
        1,
        1,
        null
      ],
      "/Users/Nebs/ga_wdi/projects/diner_stats/app/models/menu_item.rb": [
        1,
        1,
        1,
        1,
        null,
        1,
        2,
        4,
        2,
        null,
        null,
        1,
        2,
        2,
        2,
        null,
        null,
        1,
        1,
        null,
        null,
        1,
        1,
        null,
        null,
        null
      ],
      "/Users/Nebs/ga_wdi/projects/diner_stats/app/models/menu.rb": [
        1,
        1,
        1,
        1,
        1,
        null,
        null
      ],
      "/Users/Nebs/ga_wdi/projects/diner_stats/app/models/restaurant.rb": [
        1,
        1,
        1,
        1,
        1,
        null,
        null,
        null,
        null,
        null,
        null
      ],
      "/Users/Nebs/ga_wdi/projects/diner_stats/app/models/section.rb": [
        1,
        1,
        1,
        null
      ],
      "/Users/Nebs/ga_wdi/projects/diner_stats/app/models/table.rb": [
        1,
        1,
        1,
        null,
        1,
        9,
        null,
        null,
        1,
        12,
        null,
        null,
        1,
        1,
        1,
        null,
        null,
        1,
        1,
        1,
        null,
        null,
        1,
        3,
        1,
        1,
        null,
        null,
        1,
        1,
        null,
        null,
        null
      ]
    },
    "timestamp": 1394689579
  }
}
